--------------------------------------------------------------------------------
CPU name:	AMD EPYC 7401 24-Core Processor
CPU type:	AMD K17 (Zen) architecture
CPU clock:	2.00 GHz
--------------------------------------------------------------------------------
===== MATRIZ DE ENTRADA =====3.000000 2.000000 4.000000 | 1.000000
1.000000 1.000000 2.000000 | 2.000000
4.000000 3.000000 -2.000000 | 3.000000

===== ELIMINAÇÃO DE GAUSS =====
3.000000 2.000000 4.000000 | 1.000000
1.000000 1.000000 2.000000 | 2.000000
4.000000 3.000000 -2.000000 | 3.000000

1.000000 0.666667 1.333333 | 0.333333
1.000000 1.000000 2.000000 | 2.000000
4.000000 3.000000 -2.000000 | 3.000000

1.000000 0.666667 1.333333 | 0.333333
0.000000 0.333333 0.666667 | 1.666667
0.000000 0.333333 -7.333333 | 1.666667

1.000000 0.666667 1.333333 | 0.333333
0.000000 1.000000 2.000000 | 5.000000
0.000000 0.333333 -7.333333 | 1.666667

1.000000 0.666667 1.333333 | 0.333333
0.000000 1.000000 2.000000 | 5.000000
0.000000 0.000000 -8.000000 | -0.000000

1.000000 0.666667 1.333333 | 0.333333
0.000000 1.000000 2.000000 | 5.000000
0.000000 0.000000 1.000000 | 0.000000

===== SOLUÇÕES =====
Soluções
-3.000000 5.000000 0.000000 
Residuo
-0.000000 0.000000 0.000000 
--------------------------------------------------------------------------------
Region marker-name, Group 1: FLOPS_DP
+-------------------+----------+
|    Region Info    |  Core 3  |
+-------------------+----------+
| RDTSC Runtime [s] | 0.000027 |
|     call count    |        1 |
+-------------------+----------+

+-------------------------------------------+---------+--------+
|                   Event                   | Counter | Core 3 |
+-------------------------------------------+---------+--------+
|              ACTUAL_CPU_CLOCK             |  FIXC1  |    -   |
|               MAX_CPU_CLOCK               |  FIXC2  |    -   |
|            RETIRED_INSTRUCTIONS           |   PMC0  | 121681 |
|      RETIRED_SSE_AVX_FLOPS_DOUBLE_FMA     |   PMC1  |      8 |
|          RETIRED_MMX_FP_INSTR_ALL         |   PMC2  |   3377 |
| RETIRED_SSE_AVX_FLOPS_DOUBLE_ADD_MULT_DIV |   PMC3  |      0 |
+-------------------------------------------+---------+--------+

+-----------------------------+--------------+
|            Metric           |    Core 3    |
+-----------------------------+--------------+
|     Runtime (RDTSC) [s]     | 2.659036e-05 |
|     Runtime unhalted [s]    |            0 |
|         Clock [MHz]         |       -      |
|             CPI             |       -      |
| DP MFLOP/s (scalar assumed) |      64.1022 |
|   DP MFLOP/s (SSE assumed)  |     127.6026 |
|   DP MFLOP/s (AVX assumed)  |     254.6035 |
+-----------------------------+--------------+

